╭───────────────────── Traceback (most recent call last) ──────────────────────╮
│ /home/runner/work/fight-caves-RL/fight-caves-RL/_workspace/RL/scripts/refres │
│ h_phase1_packet.py:133 in <module>                                           │
│                                                                              │
│   130                                                                        │
│   131                                                                        │
│   132 if __name__ == "__main__":                                             │
│ ❱ 133 │   main()                                                             │
│   134                                                                        │
│                                                                              │
│ /home/runner/work/fight-caves-RL/fight-caves-RL/_workspace/RL/scripts/refres │
│ h_phase1_packet.py:69 in main                                                │
│                                                                              │
│    66 │   │   )                                                              │
│    67 │                                                                      │
│    68 │   python_profile_path = output_dir / "python_vec16_steady.prof"      │
│ ❱  69 │   _run_python_profile(python_profile_path)                           │
│    70 │   python_profile_top_path = write_profile_top_table(                 │
│    71 │   │   python_profile_path,                                           │
│    72 │   │   output_dir / "python_vec16_top.txt",                           │
│                                                                              │
│ /home/runner/work/fight-caves-RL/fight-caves-RL/_workspace/RL/scripts/refres │
│ h_phase1_packet.py:90 in _run_python_profile                                 │
│                                                                              │
│    87                                                                        │
│    88                                                                        │
│    89 def _run_python_profile(output_path: Path) -> None:                    │
│ ❱  90 │   config = load_smoke_train_config(Path("configs/benchmark/vecenv_25 │
│    91 │   config["num_envs"] = 16                                            │
│    92 │   vecenv = make_vecenv(config, backend="embedded")                   │
│    93 │   seed = int(config["train"]["seed"])                                │
│                                                                              │
│ /home/runner/work/fight-caves-RL/fight-caves-RL/_workspace/RL/fight_caves_rl │
│ /puffer/factory.py:217 in load_smoke_train_config                            │
│                                                                              │
│   214 def load_smoke_train_config(path: str | Path | None = None) -> dict[st │
│   215 │   config = deepcopy(DEFAULT_SMOKE_TRAIN_CONFIG)                      │
│   216 │   if path is not None:                                               │
│ ❱ 217 │   │   loaded = yaml.safe_load(Path(path).read_text(encoding="utf-8") │
│   218 │   │   if loaded:                                                     │
│   219 │   │   │   config = _deep_merge(config, loaded)                       │
│   220 │   return config                                                      │
│                                                                              │
│ /opt/hostedtoolcache/Python/3.11.14/x64/lib/python3.11/pathlib.py:1058 in    │
│ read_text                                                                    │
│                                                                              │
│   1055 │   │   Open the file in text mode, read it, and close the file.      │
│   1056 │   │   """                                                           │
│   1057 │   │   encoding = io.text_encoding(encoding)                         │
│ ❱ 1058 │   │   with self.open(mode='r', encoding=encoding, errors=errors) as │
│   1059 │   │   │   return f.read()                                           │
│   1060 │                                                                     │
│   1061 │   def write_bytes(self, data):                                      │
│                                                                              │
│ /opt/hostedtoolcache/Python/3.11.14/x64/lib/python3.11/pathlib.py:1044 in    │
│ open                                                                         │
│                                                                              │
│   1041 │   │   """                                                           │
│   1042 │   │   if "b" not in mode:                                           │
│   1043 │   │   │   encoding = io.text_encoding(encoding)                     │
│ ❱ 1044 │   │   return io.open(self, mode, buffering, encoding, errors, newli │
│   1045 │                                                                     │
│   1046 │   def read_bytes(self):                                             │
│   1047 │   │   """                                                           │
╰──────────────────────────────────────────────────────────────────────────────╯
FileNotFoundError: [Errno 2] No such file or directory: 
'configs/benchmark/vecenv_256env_v0.yaml'
